[02Aug2025 21:30:44.390] [main/INFO] [cpw.mods.modlauncher.Launcher/MODLAUNCHER]: ModLauncher running: args [--launchTarget, neoforgeserver, --fml.neoForgeVersion, 21.5.87, --fml.fmlVersion, 7.0.13, --fml.mcVersion, 1.21.5, --fml.neoFormVersion, 20250325.162830, nogui]
[02Aug2025 21:30:44.393] [main/INFO] [cpw.mods.modlauncher.Launcher/MODLAUNCHER]: JVM identified as Ubuntu OpenJDK 64-Bit Server VM 21.0.8+9-Ubuntu-0ubuntu124.04.1
[02Aug2025 21:30:44.395] [main/INFO] [cpw.mods.modlauncher.Launcher/MODLAUNCHER]: ModLauncher 11.0.4+main.d2e20e43 starting: java version 21.0.8 by Ubuntu; OS Linux arch amd64 version 6.8.0-1030-azure
[02Aug2025 21:30:44.519] [main/INFO] [net.neoforged.fml.loading.ImmediateWindowHandler/]: ImmediateWindowProvider not loading because launch target is neoforgeserver
[02Aug2025 21:30:44.575] [main/INFO] [mixin/]: SpongePowered MIXIN Subsystem Version=0.8.7 Source=union:/workspaces/Nuevititito/servidor_minecraft/libraries/net/fabricmc/sponge-mixin/0.15.2+mixin.0.8.7/sponge-mixin-0.15.2+mixin.0.8.7.jar%2385!/ Service=ModLauncher Env=SERVER
[02Aug2025 21:30:44.884] [main/INFO] [net.neoforged.fml.loading.moddiscovery.ModDiscoverer/SCAN]: Found mod file "server-1.21.5-20250325.162830-srg.jar" [locator: production server provider +net.neoforged:neoforge:21.5.87:server]
[02Aug2025 21:30:44.907] [main/INFO] [net.neoforged.fml.loading.moddiscovery.ModDiscoverer/SCAN]: Found mod file "neoforge-21.5.87-universal.jar" [locator: PathBasedLocator[name=neoforge, paths=[libraries/net/neoforged/neoforge/21.5.87/neoforge-21.5.87-universal.jar]], reader: mod manifest]
[02Aug2025 21:30:44.917] [main/INFO] [net.neoforged.fml.loading.moddiscovery.ModDiscoverer/SCAN]: Found mod file "BiomesOPlenty-neoforge-1.21.5-21.4.0.61.jar" [locator: {mods folder locator at /workspaces/Nuevititito/servidor_minecraft/mods}, reader: mod manifest]
[02Aug2025 21:30:44.922] [main/INFO] [net.neoforged.fml.loading.moddiscovery.ModDiscoverer/SCAN]: Found mod file "camera-neoforge-1.21.5-1.1.7.jar" [locator: {mods folder locator at /workspaces/Nuevititito/servidor_minecraft/mods}, reader: mod manifest]
[02Aug2025 21:30:44.925] [main/INFO] [net.neoforged.fml.loading.moddiscovery.ModDiscoverer/SCAN]: Found mod file "collective-1.21.5-8.3.jar" [locator: {mods folder locator at /workspaces/Nuevititito/servidor_minecraft/mods}, reader: mod manifest]
[02Aug2025 21:30:44.929] [main/INFO] [net.neoforged.fml.loading.moddiscovery.ModDiscoverer/SCAN]: Found mod file "entity_model_features_neoforge_1.21.5-2.4.4.jar" [locator: {mods folder locator at /workspaces/Nuevititito/servidor_minecraft/mods}, reader: mod manifest]
[02Aug2025 21:30:44.932] [main/INFO] [net.neoforged.fml.loading.moddiscovery.ModDiscoverer/SCAN]: Found mod file "entity_texture_features_neoforge_1.21.5-6.2.13.jar" [locator: {mods folder locator at /workspaces/Nuevititito/servidor_minecraft/mods}, reader: mod manifest]
[02Aug2025 21:30:44.935] [main/INFO] [net.neoforged.fml.loading.moddiscovery.ModDiscoverer/SCAN]: Found mod file "GlitchCore-neoforge-1.21.5-2.5.0.1.jar" [locator: {mods folder locator at /workspaces/Nuevititito/servidor_minecraft/mods}, reader: mod manifest]
[02Aug2025 21:30:44.941] [main/INFO] [net.neoforged.fml.loading.moddiscovery.ModDiscoverer/SCAN]: Found mod file "infinitetrading-1.21.5-4.6.jar" [locator: {mods folder locator at /workspaces/Nuevititito/servidor_minecraft/mods}, reader: mod manifest]
[02Aug2025 21:30:44.949] [main/INFO] [net.neoforged.fml.loading.moddiscovery.ModDiscoverer/SCAN]: Found mod file "iris-neoforge-1.8.11+mc1.21.5.jar" [locator: {mods folder locator at /workspaces/Nuevititito/servidor_minecraft/mods}, reader: mod manifest]
[02Aug2025 21:30:44.967] [main/INFO] [net.neoforged.fml.loading.moddiscovery.ModDiscoverer/SCAN]: Found mod file "Jade-1.21.5-NeoForge-18.2.0.jar" [locator: {mods folder locator at /workspaces/Nuevititito/servidor_minecraft/mods}, reader: mod manifest]
[02Aug2025 21:30:44.979] [main/INFO] [net.neoforged.fml.loading.moddiscovery.ModDiscoverer/SCAN]: Found mod file "jei-1.21.5-neoforge-21.4.0.27.jar" [locator: {mods folder locator at /workspaces/Nuevititito/servidor_minecraft/mods}, reader: mod manifest]
[02Aug2025 21:30:44.988] [main/INFO] [net.neoforged.fml.loading.moddiscovery.ModDiscoverer/SCAN]: Found mod file "journeymap-neoforge-1.21.5-6.0.0-beta.52.jar" [locator: {mods folder locator at /workspaces/Nuevititito/servidor_minecraft/mods}, reader: mod manifest]
[02Aug2025 21:30:44.996] [main/INFO] [net.neoforged.fml.loading.moddiscovery.ModDiscoverer/SCAN]: Found mod file "onlyhammers-1.21.5-0.7.jar" [locator: {mods folder locator at /workspaces/Nuevititito/servidor_minecraft/mods}, reader: mod manifest]
[02Aug2025 21:30:44.998] [main/INFO] [net.neoforged.fml.loading.moddiscovery.ModDiscoverer/SCAN]: Found mod file "replantingcrops-1.21.5-5.5.jar" [locator: {mods folder locator at /workspaces/Nuevititito/servidor_minecraft/mods}, reader: mod manifest]
[02Aug2025 21:30:45.012] [main/INFO] [net.neoforged.fml.loading.moddiscovery.ModDiscoverer/SCAN]: Found mod file "sodium-neoforge-0.6.13+mc1.21.5.jar" [locator: {mods folder locator at /workspaces/Nuevititito/servidor_minecraft/mods}, reader: mod manifest]
[02Aug2025 21:30:45.021] [main/INFO] [net.neoforged.fml.loading.moddiscovery.ModDiscoverer/SCAN]: Found mod file "sophisticatedbackpacks-1.21.5-3.24.19.1294.jar" [locator: {mods folder locator at /workspaces/Nuevititito/servidor_minecraft/mods}, reader: mod manifest]
[02Aug2025 21:30:45.025] [main/INFO] [net.neoforged.fml.loading.moddiscovery.ModDiscoverer/SCAN]: Found mod file "sophisticatedcore-1.21.5-1.3.59.1064.jar" [locator: {mods folder locator at /workspaces/Nuevititito/servidor_minecraft/mods}, reader: mod manifest]
[02Aug2025 21:30:45.031] [main/INFO] [net.neoforged.fml.loading.moddiscovery.ModDiscoverer/SCAN]: Found mod file "TerraBlender-neoforge-1.21.5-5.0.0.1.jar" [locator: {mods folder locator at /workspaces/Nuevititito/servidor_minecraft/mods}, reader: mod manifest]
[02Aug2025 21:30:45.034] [main/INFO] [net.neoforged.fml.loading.moddiscovery.ModDiscoverer/SCAN]: Found mod file "Terralith_1.21.x_v2.5.11.jar" [locator: {mods folder locator at /workspaces/Nuevititito/servidor_minecraft/mods}, reader: mod manifest]
[02Aug2025 21:30:45.222] [main/INFO] [net.neoforged.fml.loading.moddiscovery.locators.JarInJarDependencyLocator/]: Found 14 dependencies adding them to mods collection
[02Aug2025 21:30:45.223] [main/INFO] [net.neoforged.fml.loading.moddiscovery.ModDiscoverer/SCAN]: Found gamelibrary file "mixinextras-neoforge-0.4.1.jar" [parent: neoforge-21.5.87-universal.jar, locator: jarinjar, reader: mod manifest]
[02Aug2025 21:30:45.223] [main/INFO] [net.neoforged.fml.loading.moddiscovery.ModDiscoverer/SCAN]: Found library file "httpmime-4.5.10.jar" [parent: entity_texture_features_neoforge_1.21.5-6.2.13.jar, locator: jarinjar]
[02Aug2025 21:30:45.223] [main/INFO] [net.neoforged.fml.loading.moddiscovery.ModDiscoverer/SCAN]: Found mod file "fabric-api-base-0.4.42+d1308ded19.jar" [parent: fabric-renderer-api-v1-6.0.0.jar, locator: jarinjar, reader: mod manifest]
[02Aug2025 21:30:45.223] [main/INFO] [net.neoforged.fml.loading.moddiscovery.ModDiscoverer/SCAN]: Found mod file "fabric-renderer-api-v1-6.0.0.jar" [parent: sodium-neoforge-0.6.13+mc1.21.5.jar, locator: jarinjar, reader: mod manifest]
[02Aug2025 21:30:45.223] [main/INFO] [net.neoforged.fml.loading.moddiscovery.ModDiscoverer/SCAN]: Found library file "net.neoforged.neoforge-coremods-21.5.87.jar" [parent: neoforge-21.5.87-universal.jar, locator: jarinjar, reader: mod manifest]
[02Aug2025 21:30:45.224] [main/INFO] [net.neoforged.fml.loading.moddiscovery.ModDiscoverer/SCAN]: Found library file "pngj-2.1.0.jar" [parent: journeymap-neoforge-1.21.5-6.0.0-beta.52.jar, locator: jarinjar]
[02Aug2025 21:30:45.224] [main/INFO] [net.neoforged.fml.loading.moddiscovery.ModDiscoverer/SCAN]: Found mod file "fabric-rendering-data-attachment-v1-0.3.48+73761d2e19.jar" [parent: sodium-neoforge-0.6.13+mc1.21.5.jar, locator: jarinjar, reader: mod manifest]
[02Aug2025 21:30:45.224] [main/INFO] [net.neoforged.fml.loading.moddiscovery.ModDiscoverer/SCAN]: Found mod file "common-networking-neoforge-1.0.18-1.21.5.jar" [parent: journeymap-neoforge-1.21.5-6.0.0-beta.52.jar, locator: jarinjar, reader: mod manifest]
[02Aug2025 21:30:45.224] [main/INFO] [net.neoforged.fml.loading.moddiscovery.ModDiscoverer/SCAN]: Found library file "antlr4-runtime-4.13.1.jar" [parent: iris-neoforge-1.8.11+mc1.21.5.jar, locator: jarinjar]
[02Aug2025 21:30:45.224] [main/INFO] [net.neoforged.fml.loading.moddiscovery.ModDiscoverer/SCAN]: Found library file "jcpp-1.4.14.jar" [parent: iris-neoforge-1.8.11+mc1.21.5.jar, locator: jarinjar]
[02Aug2025 21:30:45.225] [main/INFO] [net.neoforged.fml.loading.moddiscovery.ModDiscoverer/SCAN]: Found mod file "journeymap-api-neoforge-2.0.0-1.21.5-SNAPSHOT.jar" [parent: journeymap-neoforge-1.21.5-6.0.0-beta.52.jar, locator: jarinjar, reader: mod manifest]
[02Aug2025 21:30:45.225] [main/INFO] [net.neoforged.fml.loading.moddiscovery.ModDiscoverer/SCAN]: Found library file "net.caffeinemc.sodium-neoforge-0.6.13+mc1.21.5-service.jar" [parent: sodium-neoforge-0.6.13+mc1.21.5.jar, locator: jarinjar, reader: mod manifest]
[02Aug2025 21:30:45.225] [main/INFO] [net.neoforged.fml.loading.moddiscovery.ModDiscoverer/SCAN]: Found library file "glsl-transformer-2.0.1.jar" [parent: iris-neoforge-1.8.11+mc1.21.5.jar, locator: jarinjar]
[02Aug2025 21:30:45.225] [main/INFO] [net.neoforged.fml.loading.moddiscovery.ModDiscoverer/SCAN]: Found mod file "fabric-block-view-api-v2-1.0.10+9afaaf8c19.jar" [parent: sodium-neoforge-0.6.13+mc1.21.5.jar, locator: jarinjar, reader: mod manifest]
[02Aug2025 21:30:45.227] [main/INFO] [net.neoforged.fml.loading.moddiscovery.ModDiscoverer/]: 
     Mod List:
		Name Version (Mod Id)

		Biomes O' Plenty 21.4.0.61 (biomesoplenty)
		Camera Mod 1.21.5-1.1.7 (camera)
		Collective 8.3 (collective)
		Common Networking 1.0.18-1.21.5 (commonnetworking)
		Entity Model Features 2.4.4 (entity_model_features)
		Entity Texture Features 6.2.13 (entity_texture_features)
		Fabric Renderer API (CaffeineMC) 6.0.0 (fabric_renderer_api_v1)
		Forgified Fabric API Base 0.4.42+d1308ded19 (fabric_api_base)
		Forgified Fabric BlockView API (v2) 1.0.10+9afaaf8c19 (fabric_block_view_api_v2)
		Forgified Fabric Rendering Data Attachment (v1) 0.3.48+73761d2e19 (fabric_rendering_data_attachment_v1)
		GlitchCore 2.5.0.1 (glitchcore)
		Infinite Trading 4.6 (infinitetrading)
		Iris 1.8.11+mc1.21.5 (iris)
		Jade 18.2.0+neoforge (jade)
		Journeymap 1.21.5-6.0.0-beta.52 (journeymap)
		JourneyMap API 2.0.0 (journeymap_api)
		Just Enough Items 21.4.0.27 (jei)
		Minecraft 1.21.5 (minecraft)
		NeoForge 21.5.87 (neoforge)
		OnlyHammers 1.21.5-0.7 (onlyhammers)
		Replanting Crops 5.5 (replantingcrops)
		Sodium 0.6.13+mc1.21.5 (sodium)
		Sophisticated Backpacks 3.24.19 (sophisticatedbackpacks)
		Sophisticated Core 1.3.59 (sophisticatedcore)
		TerraBlender 5.0.0.1 (terrablender)
		Terralith 2.5.11 (terralith)
[02Aug2025 21:30:45.302] [main/WARN] [net.neoforged.fml.loading.LanguageProviderLoader/]: Mod Mod File: /workspaces/Nuevititito/servidor_minecraft/mods/Terralith_1.21.x_v2.5.11.jar is using the deprecated 'lowcodefml' language loader. This warning can be fixed by simply removing the modLoader and loaderVersion settings from neoforge.mods.toml.
[02Aug2025 21:30:46.239] [main/INFO] [mixin/]: Compatibility level set to JAVA_17
[02Aug2025 21:30:46.256] [main/INFO] [mixin/]: Compatibility level set to JAVA_21
[02Aug2025 21:30:46.376] [main/INFO] [cpw.mods.modlauncher.LaunchServiceHandler/MODLAUNCHER]: Launching target 'neoforgeserver' with arguments [nogui]
[02Aug2025 21:30:46.737] [main/WARN] [mixin/]: Reference map 'terrablender.refmap.json' for terrablender.mixins.json could not be read. If this is a development environment you can ignore this message
[02Aug2025 21:30:46.738] [main/WARN] [mixin/]: Reference map 'terrablender.refmap.json' for terrablender_neoforge.mixins.json could not be read. If this is a development environment you can ignore this message
[02Aug2025 21:30:46.739] [main/WARN] [mixin/]: Reference map 'onlyexcavators.refmap.json' for onlyhammers.mixins.json could not be read. If this is a development environment you can ignore this message
[02Aug2025 21:30:46.740] [main/WARN] [mixin/]: Reference map 'jade.refmap.json' for jade.mixins.json could not be read. If this is a development environment you can ignore this message
[02Aug2025 21:30:46.744] [main/WARN] [mixin/]: Reference map 'journeymap-refmap.json' for journeymap.mixins.json could not be read. If this is a development environment you can ignore this message
[02Aug2025 21:30:46.746] [main/WARN] [mixin/]: Reference map 'iris.refmap.json' for mixins.iris.json could not be read. If this is a development environment you can ignore this message
[02Aug2025 21:30:46.747] [main/WARN] [mixin/]: Reference map 'iris.refmap.json' for mixins.iris.fantastic.json could not be read. If this is a development environment you can ignore this message
[02Aug2025 21:30:46.747] [main/WARN] [mixin/]: Reference map 'iris.refmap.json' for mixins.iris.vertexformat.json could not be read. If this is a development environment you can ignore this message
[02Aug2025 21:30:46.747] [main/WARN] [mixin/]: Reference map 'iris.refmap.json' for iris-batched-entity-rendering.mixins.json could not be read. If this is a development environment you can ignore this message
[02Aug2025 21:30:46.749] [main/WARN] [mixin/]: Reference map 'iris.refmap.json' for mixins.iris.compat.sodium.json could not be read. If this is a development environment you can ignore this message
[02Aug2025 21:30:46.752] [main/WARN] [mixin/]: Reference map 'glitchcore.refmap.json' for glitchcore.mixins.json could not be read. If this is a development environment you can ignore this message
[02Aug2025 21:30:46.753] [main/WARN] [mixin/]: Reference map 'glitchcore.refmap.json' for glitchcore.neoforge.mixins.json could not be read. If this is a development environment you can ignore this message
[02Aug2025 21:30:46.754] [main/WARN] [mixin/]: Reference map 'biomesoplenty.refmap.json' for biomesoplenty.mixins.json could not be read. If this is a development environment you can ignore this message
[02Aug2025 21:30:46.755] [main/WARN] [mixin/]: Reference map 'biomesoplenty.refmap.json' for biomesoplenty.neoforge.mixins.json could not be read. If this is a development environment you can ignore this message
[02Aug2025 21:30:46.771] [main/INFO] [Sodium/]: Loaded configuration file for Sodium: 43 options available, 1 override(s) found
[02Aug2025 21:30:46.775] [main/WARN] [mixin/]: Reference map 'camera.refmap.json' for camera.mixins.json could not be read. If this is a development environment you can ignore this message
[02Aug2025 21:30:47.046] [main/ERROR] [net.neoforged.fml.common.asm.RuntimeDistCleaner/DISTXFORM]: Attempted to load class net/minecraft/client/renderer/LevelRenderer for invalid dist DEDICATED_SERVER
[02Aug2025 21:30:47.046] [main/WARN] [mixin/]: Error loading class: net/minecraft/client/renderer/LevelRenderer (java.lang.RuntimeException: Attempted to load class net/minecraft/client/renderer/LevelRenderer for invalid dist DEDICATED_SERVER)
[02Aug2025 21:30:47.047] [main/WARN] [mixin/]: @Mixin target net.minecraft.client.renderer.LevelRenderer was not found onlyhammers.mixins.json:LevelRendererMixin from mod onlyhammers
[02Aug2025 21:30:47.167] [main/WARN] [mixin/]: Error loading class: net/minecraft/client/renderer/entity/SalmonRenderer (java.lang.ClassNotFoundException: net.minecraft.client.renderer.entity.SalmonRenderer)
[02Aug2025 21:30:47.167] [main/WARN] [mixin/]: @Mixin target net.minecraft.client.renderer.entity.SalmonRenderer was not found journeymap.mixins.json:client.SalmonRendererInvoker from mod journeymap
[02Aug2025 21:30:47.754] [main/INFO] [MixinExtras|Service/]: Initializing MixinExtras via com.llamalad7.mixinextras.service.MixinExtrasServiceImpl(version=0.4.1).
[02Aug2025 21:30:52.516] [main/WARN] [mixin/]: Injection warning: LVT in net/minecraft/world/level/BaseSpawner::serverTick(Lnet/minecraft/server/level/ServerLevel;Lnet/minecraft/core/BlockPos;)V has incompatible changes at opcode 65 in callback collective_neoforge.mixins.json:BaseSpawnerMixin from mod collective->@Inject::BaseSpawner_serverTick(Lnet/minecraft/server/level/ServerLevel;Lnet/minecraft/core/BlockPos;Lorg/spongepowered/asm/mixin/injection/callback/CallbackInfo;ZLnet/minecraft/util/RandomSource;Lnet/minecraft/world/level/SpawnData;ILnet/minecraft/nbt/CompoundTag;Ljava/util/Optional;Lnet/minecraft/world/phys/Vec3;Lnet/minecraft/core/BlockPos;Lnet/minecraft/world/entity/Entity;ILnet/minecraft/world/entity/Mob;)V.
 Expected: [Z, Lnet/minecraft/util/RandomSource;, Lnet/minecraft/world/level/SpawnData;, I, Lnet/minecraft/nbt/CompoundTag;, Ljava/util/Optional;, Lnet/minecraft/world/phys/Vec3;, Lnet/minecraft/core/BlockPos;, Lnet/minecraft/world/entity/Entity;, I, Lnet/minecraft/world/entity/Mob;]
    Found: [Z, Lnet/minecraft/util/RandomSource;, Lnet/minecraft/world/level/SpawnData;, I]
Available: [Z, Lnet/minecraft/util/RandomSource;, Lnet/minecraft/world/level/SpawnData;, I]
[02Aug2025 21:30:54.291] [modloading-worker-0/INFO] [Collective/]: Loading Collective version 8.3.
[02Aug2025 21:30:54.372] [modloading-worker-0/INFO] [net.neoforged.neoforge.common.NeoForgeMod/NEOFORGE-MOD]: NeoForge mod loading, version 21.5.87, for MC 1.21.5
[02Aug2025 21:30:55.576] [modloading-sync-worker/INFO] [terrablender/]: Registered region minecraft:overworld to index 0 for type OVERWORLD
[02Aug2025 21:30:55.577] [modloading-sync-worker/INFO] [terrablender/]: Registered region minecraft:nether to index 0 for type NETHER
[02Aug2025 21:30:55.577] [modloading-sync-worker/INFO] [terrablender/]: Registered region biomesoplenty:overworld_primary to index 1 for type OVERWORLD
[02Aug2025 21:30:55.578] [modloading-sync-worker/INFO] [terrablender/]: Registered region biomesoplenty:overworld_secondary to index 2 for type OVERWORLD
[02Aug2025 21:30:55.578] [modloading-sync-worker/INFO] [terrablender/]: Registered region biomesoplenty:overworld_rare to index 3 for type OVERWORLD
[02Aug2025 21:30:55.579] [modloading-sync-worker/INFO] [terrablender/]: Registered region biomesoplenty:nether_common to index 1 for type NETHER
[02Aug2025 21:30:55.579] [modloading-sync-worker/INFO] [terrablender/]: Registered region biomesoplenty:nether_rare to index 2 for type NETHER
[02Aug2025 21:30:55.672] [modloading-sync-worker/INFO] [snownee.jade.Jade/]: Start loading plugin from Jade: snownee.jade.addon.vanilla.VanillaPlugin
[02Aug2025 21:30:55.689] [modloading-sync-worker/INFO] [snownee.jade.Jade/]: Start loading plugin from Jade: snownee.jade.addon.universal.UniversalPlugin
[02Aug2025 21:30:55.700] [modloading-sync-worker/INFO] [snownee.jade.Jade/]: Start loading plugin from Jade: snownee.jade.addon.debug.DebugPlugin
[02Aug2025 21:30:55.701] [modloading-sync-worker/INFO] [snownee.jade.Jade/]: Start loading plugin from Jade: snownee.jade.addon.core.CorePlugin
[02Aug2025 21:30:55.702] [modloading-sync-worker/INFO] [snownee.jade.Jade/]: Start loading plugin from Jade: snownee.jade.addon.access.AccessibilityPlugin
[02Aug2025 21:30:55.702] [modloading-sync-worker/INFO] [snownee.jade.Jade/]: Start loading plugin from Camera Mod: de.maxhenkel.camera.integration.waila.PluginCamera
[02Aug2025 21:30:55.738] [NeoForge Version Check/INFO] [net.neoforged.fml.VersionChecker/]: [camera] Starting version check at https://update.maxhenkel.de/neoforge/camera
[02Aug2025 21:30:55.843] [main/INFO] [com.mojang.authlib.yggdrasil.YggdrasilAuthenticationService/]: Environment: Environment[sessionHost=https://sessionserver.mojang.com, servicesHost=https://api.minecraftservices.com, name=PROD]
[02Aug2025 21:30:55.912] [main/WARN] [net.minecraft.server.packs.VanillaPackResourcesBuilder/]: Assets URL 'union:/workspaces/Nuevititito/servidor_minecraft/libraries/net/minecraft/server/1.21.5-20250325.162830/server-1.21.5-20250325.162830-srg.jar%23159!/assets/.mcassetsroot' uses unexpected schema
[02Aug2025 21:30:55.913] [main/WARN] [net.minecraft.server.packs.VanillaPackResourcesBuilder/]: Assets URL 'union:/workspaces/Nuevititito/servidor_minecraft/libraries/net/minecraft/server/1.21.5-20250325.162830/server-1.21.5-20250325.162830-srg.jar%23159!/data/.mcassetsroot' uses unexpected schema
[02Aug2025 21:30:56.548] [NeoForge Version Check/INFO] [net.neoforged.fml.VersionChecker/]: [camera] Found status: BETA Current: 1.21.5-1.1.7 Target: 1.21.5-1.1.7
[02Aug2025 21:30:56.550] [NeoForge Version Check/INFO] [net.neoforged.fml.VersionChecker/]: [journeymap] Starting version check at https://neoforge.curseupdate.com/32274/journeymap
[02Aug2025 21:30:56.671] [NeoForge Version Check/INFO] [net.neoforged.fml.VersionChecker/]: [journeymap] Found status: BETA Current: 1.21.5-6.0.0-beta.52 Target: 1.21.5-6.0.0-beta.52
[02Aug2025 21:30:57.604] [main/INFO] [net.minecraft.server.Main/]: No existing world data, creating new world
[02Aug2025 21:30:58.750] [main/INFO] [net.minecraft.world.item.crafting.RecipeManager/]: Loaded 1767 recipes
[02Aug2025 21:30:58.773] [main/INFO] [net.minecraft.advancements.AdvancementTree/]: Loaded 1869 advancements
[02Aug2025 21:30:58.776] [main/INFO] [net.neoforged.neoforge.common.crafting.RecipePriorityManager/]: Loaded 0 recipe priority overrides
[02Aug2025 21:30:58.780] [main/ERROR] [sophisticatedbackpacks/]: No loader defined for swords
[02Aug2025 21:30:59.084] [Server thread/INFO] [net.minecraft.server.dedicated.DedicatedServer/]: Starting minecraft server version 1.21.5
[02Aug2025 21:30:59.084] [Server thread/INFO] [net.minecraft.server.dedicated.DedicatedServer/]: Loading properties
[02Aug2025 21:30:59.084] [Server thread/INFO] [net.minecraft.server.dedicated.DedicatedServer/]: Default game type: SURVIVAL
[02Aug2025 21:30:59.084] [Server thread/INFO] [net.minecraft.server.MinecraftServer/]: Generating keypair
[02Aug2025 21:30:59.229] [Server thread/INFO] [net.minecraft.server.dedicated.DedicatedServer/]: Starting Minecraft server on *:25565
[02Aug2025 21:30:59.270] [Server thread/INFO] [net.minecraft.server.network.ServerConnectionListener/]: Using epoll channel type
[02Aug2025 21:30:59.305] [Server thread/WARN] [net.minecraft.server.dedicated.DedicatedServer/]: **** SERVER IS RUNNING IN OFFLINE/INSECURE MODE!
[02Aug2025 21:30:59.305] [Server thread/WARN] [net.minecraft.server.dedicated.DedicatedServer/]: The server will make no attempt to authenticate usernames. Beware.
[02Aug2025 21:30:59.306] [Server thread/WARN] [net.minecraft.server.dedicated.DedicatedServer/]: While this makes the game possible to play without internet access, it also opens up the ability for hackers to connect with any username they choose.
[02Aug2025 21:30:59.306] [Server thread/WARN] [net.minecraft.server.dedicated.DedicatedServer/]: To change this, set "online-mode" to "true" in the server.properties file.
[02Aug2025 21:30:59.327] [Server thread/INFO] [journeymap/]: Loading JourneyMap Forge Configs
[02Aug2025 21:30:59.365] [Server thread/WARN] [net.neoforged.neoforge.server.ServerLifecycleHooks/]: Detected minecraft:camel that was registered with CREATURE mob category but was added under AMBIENT mob category for terralith:desert_spires biome! Mobs should be added to biomes under the same mob category that the mob was registered as to prevent mob cap spawning issues.
[02Aug2025 21:30:59.382] [Server thread/WARN] [net.neoforged.neoforge.server.ServerLifecycleHooks/]: Detected minecraft:ocelot that was registered with CREATURE mob category but was added under MONSTER mob category for biomesoplenty:rainforest biome! Mobs should be added to biomes under the same mob category that the mob was registered as to prevent mob cap spawning issues.
[02Aug2025 21:30:59.384] [Server thread/WARN] [net.neoforged.neoforge.server.ServerLifecycleHooks/]: Detected minecraft:ocelot that was registered with CREATURE mob category but was added under MONSTER mob category for biomesoplenty:rocky_rainforest biome! Mobs should be added to biomes under the same mob category that the mob was registered as to prevent mob cap spawning issues.
[02Aug2025 21:30:59.919] [Server thread/INFO] [terrablender/]: Initialized TerraBlender biomes for level stem minecraft:overworld
[02Aug2025 21:30:59.920] [Server thread/INFO] [terrablender/]: Initialized TerraBlender biomes for level stem minecraft:the_nether
[02Aug2025 21:30:59.920] [Server thread/INFO] [net.minecraft.server.dedicated.DedicatedServer/]: Preparing level "world"
[02Aug2025 21:31:13.785] [Server thread/INFO] [net.minecraft.server.MinecraftServer/]: Preparing start region for dimension minecraft:overworld
[02Aug2025 21:31:13.828] [Worker-Main-1/INFO] [net.minecraft.server.level.progress.LoggerChunkProgressListener/]: Preparing spawn area: 2%
[02Aug2025 21:31:14.304] [Worker-Main-1/INFO] [net.minecraft.server.level.progress.LoggerChunkProgressListener/]: Preparing spawn area: 2%
[02Aug2025 21:31:14.888] [Worker-Main-1/INFO] [net.minecraft.server.level.progress.LoggerChunkProgressListener/]: Preparing spawn area: 2%
[02Aug2025 21:31:15.287] [Worker-Main-2/INFO] [net.minecraft.server.level.progress.LoggerChunkProgressListener/]: Preparing spawn area: 2%
[02Aug2025 21:31:15.790] [Worker-Main-2/INFO] [net.minecraft.server.level.progress.LoggerChunkProgressListener/]: Preparing spawn area: 2%
[02Aug2025 21:31:16.291] [Worker-Main-2/INFO] [net.minecraft.server.level.progress.LoggerChunkProgressListener/]: Preparing spawn area: 18%
[02Aug2025 21:31:16.819] [Worker-Main-2/INFO] [net.minecraft.server.level.progress.LoggerChunkProgressListener/]: Preparing spawn area: 18%
[02Aug2025 21:31:17.296] [Worker-Main-2/INFO] [net.minecraft.server.level.progress.LoggerChunkProgressListener/]: Preparing spawn area: 18%
[02Aug2025 21:31:17.792] [Worker-Main-1/INFO] [net.minecraft.server.level.progress.LoggerChunkProgressListener/]: Preparing spawn area: 18%
[02Aug2025 21:31:18.326] [Worker-Main-1/INFO] [net.minecraft.server.level.progress.LoggerChunkProgressListener/]: Preparing spawn area: 22%
[02Aug2025 21:31:18.817] [Worker-Main-2/INFO] [net.minecraft.server.level.progress.LoggerChunkProgressListener/]: Preparing spawn area: 51%
[02Aug2025 21:31:19.516] [Worker-Main-2/INFO] [net.minecraft.server.level.progress.LoggerChunkProgressListener/]: Preparing spawn area: 51%
[02Aug2025 21:31:19.851] [Worker-Main-1/INFO] [net.minecraft.server.level.progress.LoggerChunkProgressListener/]: Preparing spawn area: 51%
[02Aug2025 21:31:20.288] [Worker-Main-3/INFO] [net.minecraft.server.level.progress.LoggerChunkProgressListener/]: Preparing spawn area: 51%
[02Aug2025 21:31:20.795] [Worker-Main-3/INFO] [net.minecraft.server.level.progress.LoggerChunkProgressListener/]: Preparing spawn area: 51%
[02Aug2025 21:31:21.141] [Server thread/INFO] [net.minecraft.server.level.progress.LoggerChunkProgressListener/]: Time elapsed: 7355 ms
[02Aug2025 21:31:21.142] [Server thread/INFO] [net.minecraft.server.dedicated.DedicatedServer/]: Done (21.821s)! For help, type "help"
[02Aug2025 21:31:21.183] [Server thread/INFO] [net.neoforged.neoforge.server.permission.PermissionAPI/]: Successfully initialized permission handler neoforge:default_handler
[02Aug2025 21:31:21.186] [Server thread/INFO] [journeymap/]: Loaded null for service interface journeymap.api.services.WebMapService
[02Aug2025 21:31:21.187] [Server thread/INFO] [journeymap/]: Loaded journeymap.common.helpers.NeoForgeClientHooks@480e216b for service interface journeymap.api.services.ClientPlatformService
[02Aug2025 21:31:21.188] [Server thread/INFO] [journeymap/]: Loaded journeymap.common.helpers.NeoForgeHooks@30b2c9c1 for service interface journeymap.api.services.CommonPlatformService
[02Aug2025 21:31:21.199] [Server thread/INFO] [journeymap/]: global (FirstLoaded) Setting config file to version "6.0.0-beta.52": journeymap.server.global.config
[02Aug2025 21:31:21.200] [Server thread/INFO] [journeymap/]: global (Valid) Creating config file: journeymap/server/6.0/journeymap.server.global.config
[02Aug2025 21:31:21.209] [Server thread/INFO] [journeymap/]: default (FirstLoaded) Setting config file to version "6.0.0-beta.52": journeymap.server.default.config
[02Aug2025 21:31:21.209] [Server thread/INFO] [journeymap/]: default (Valid) Creating config file: journeymap/server/6.0/journeymap.server.default.config
[02Aug2025 21:31:21.211] [Server thread/INFO] [journeymap/]: minecraft~overworld (Valid) Creating config file: journeymap/server/6.0/journeymap.server.minecraft~overworld.config
[02Aug2025 21:31:21.221] [Server thread/INFO] [journeymap/]: minecraft~the_end (Valid) Creating config file: journeymap/server/6.0/journeymap.server.minecraft~the_end.config
[02Aug2025 21:31:21.223] [Server thread/INFO] [journeymap/]: minecraft~the_nether (Valid) Creating config file: journeymap/server/6.0/journeymap.server.minecraft~the_nether.config
[02Aug2025 21:32:16.272] [Server thread/INFO] [net.minecraft.server.players.PlayerList/]: Dalej[/127.120.241.99:56467] logged in with entity id 21 at (11.5, 71.0, 9.5)
[02Aug2025 21:32:16.296] [Server thread/INFO] [net.minecraft.server.MinecraftServer/]: Dalej joined the game
[02Aug2025 21:32:51.800] [Server thread/INFO] [net.minecraft.server.MinecraftServer/]: [Not Secure] <Dalej> w
[02Aug2025 21:33:00.433] [Server thread/INFO] [net.minecraft.server.network.ServerGamePacketListenerImpl/]: Dalej lost connection: Disconnected
[02Aug2025 21:33:00.434] [Server thread/INFO] [net.minecraft.server.MinecraftServer/]: Dalej left the game
[02Aug2025 21:33:08.379] [Server thread/INFO] [net.minecraft.server.MinecraftServer/]: Stopping the server
[02Aug2025 21:33:08.427] [Server thread/INFO] [net.minecraft.server.MinecraftServer/]: Stopping server
[02Aug2025 21:33:08.428] [Server thread/INFO] [net.minecraft.server.MinecraftServer/]: Saving players
[02Aug2025 21:33:08.428] [Server thread/INFO] [net.minecraft.server.MinecraftServer/]: Saving worlds
[02Aug2025 21:33:09.086] [Server thread/INFO] [net.minecraft.server.MinecraftServer/]: Saving chunks for level 'ServerLevel[world]'/minecraft:overworld
[02Aug2025 21:33:09.166] [Server thread/INFO] [net.minecraft.server.MinecraftServer/]: Saving chunks for level 'ServerLevel[world]'/minecraft:the_end
[02Aug2025 21:33:09.170] [Server thread/INFO] [net.minecraft.server.MinecraftServer/]: Saving chunks for level 'ServerLevel[world]'/minecraft:the_nether
[02Aug2025 21:33:09.210] [Server thread/INFO] [net.minecraft.server.MinecraftServer/]: ThreadedAnvilChunkStorage (world): All chunks are saved
[02Aug2025 21:33:09.210] [Server thread/INFO] [net.minecraft.server.MinecraftServer/]: ThreadedAnvilChunkStorage (DIM1): All chunks are saved
[02Aug2025 21:33:09.210] [Server thread/INFO] [net.minecraft.server.MinecraftServer/]: ThreadedAnvilChunkStorage (DIM-1): All chunks are saved
[02Aug2025 21:33:09.210] [Server thread/INFO] [net.minecraft.server.MinecraftServer/]: ThreadedAnvilChunkStorage: All dimensions are saved
